2018-04-25 12:31:10,037  - INFO - Started
2018-04-25 12:31:10,042  - INFO - Finished
2018-04-25 12:31:17,525  - INFO - Started
2018-04-25 12:31:17,529  - INFO - Finished
2018-04-25 12:31:18,577  - INFO - Started
2018-04-25 12:31:18,581  - INFO - Finished
2018-04-25 12:35:36,482  - INFO - Started
2018-04-25 12:35:36,489  - INFO - Finished
2018-04-25 12:35:44,530  - INFO - Started
2018-04-25 12:35:44,535  - INFO - Finished
2018-04-25 12:35:45,822  - INFO - Started
2018-04-25 12:35:45,827  - INFO - Finished
2018-04-25 12:35:46,918  - INFO - Started
2018-04-25 12:35:46,923  - INFO - Finished
2018-04-25 12:36:19,345  - INFO - Started
2018-04-25 12:36:19,351  - INFO - Finished
2018-04-25 12:37:55,874  - INFO - Started
2018-04-25 12:37:55,879  - INFO - Finished
2018-04-25 12:38:00,319  - INFO - Started
2018-04-25 12:38:00,324  - INFO - Finished
2018-04-25 12:38:03,102  - INFO - Started
2018-04-25 12:38:03,108  - INFO - Finished
2018-04-25 12:38:04,959  - INFO - Started
2018-04-25 12:38:04,965  - INFO - Finished
2018-04-25 12:38:05,708  - INFO - Started
2018-04-25 12:38:05,715  - INFO - Finished
2018-04-25 12:38:06,327  - INFO - Started
2018-04-25 12:38:06,332  - INFO - Finished
2018-04-25 12:38:06,910  - INFO - Started
2018-04-25 12:38:06,916  - INFO - Finished
2018-04-25 12:38:07,481  - INFO - Started
2018-04-25 12:38:07,486  - INFO - Finished
2018-04-25 12:38:08,026  - INFO - Started
2018-04-25 12:38:08,032  - INFO - Finished
2018-04-25 12:38:44,165  - INFO - Started
2018-04-25 12:38:44,178  - INFO - Finished
2018-04-25 12:38:51,173  - INFO - Started
2018-04-25 12:38:51,183  - INFO - Finished
2018-04-25 12:40:54,298  - INFO - Started
2018-04-25 12:40:54,309  - INFO - Finished
2018-04-25 12:41:04,691  - INFO - Started
2018-04-25 12:41:04,702  - INFO - Finished
2018-04-25 12:46:22,911  - INFO - Started
2018-04-25 12:46:22,919  - INFO - Finished
2018-04-25 12:48:07,029  - INFO - Started
2018-04-25 12:48:07,034  - INFO - Finished
2018-04-25 12:49:12,732  - INFO - Started
2018-04-25 12:49:12,737  - INFO - Finished
2018-04-25 13:02:19,524  - INFO - Started
2018-04-25 13:02:19,529  - INFO - Finished
2018-04-25 13:05:07,814  - INFO - Started
2018-04-25 13:05:07,820  - INFO - Finished
2018-04-25 13:08:00,552  - INFO - Started
2018-04-25 13:08:00,558  - INFO - Finished
2018-04-25 13:09:33,075  - INFO - Started
2018-04-25 13:09:33,081  - INFO - Finished
2018-04-25 13:13:07,316  - INFO - Started
2018-04-25 13:13:07,325  - INFO - Finished
2018-04-25 13:13:15,502  - INFO - Started
2018-04-25 13:13:15,512  - INFO - Finished
2018-04-25 13:13:18,212  - INFO - Started
2018-04-25 13:13:18,221  - INFO - Finished
2018-04-25 13:18:52,567  - INFO - Started
2018-04-25 13:18:52,571  - INFO - Finished
2018-04-25 14:22:21,993  - INFO - Started
2018-04-25 14:22:21,999  - INFO - Finished
2018-04-25 14:28:09,823  - INFO - Started
2018-04-25 14:28:09,832  - INFO - Finished
2018-04-25 14:28:21,148  - INFO - Started
2018-04-25 14:28:21,155  - INFO - Finished
2018-04-25 14:28:32,233  - INFO - Started
2018-04-25 14:28:32,243  - INFO - Finished
2018-04-25 14:31:31,103  - INFO - Started
2018-04-25 14:31:31,109  - INFO - Finished
2018-04-25 14:43:39,509  - INFO - Started
2018-04-25 14:43:39,515  - INFO - Finished
2018-04-25 16:05:31,409  - INFO - Started
2018-04-25 16:05:31,411  - INFO - Finished
2018-04-25 16:33:07,525  - INFO - Started
2018-04-25 16:33:07,529  - INFO - Finished
2018-04-25 16:33:39,695  - INFO - Started
2018-04-25 16:33:39,697  - INFO - Finished
2018-04-26 11:55:54,993  - INFO - Started
2018-04-26 11:55:55,003  - INFO - Finished
2018-04-26 11:57:15,736  - INFO - Started
2018-04-26 11:57:15,738  - INFO - Finished
2018-04-26 12:01:46,241  - INFO - Started
2018-04-26 12:01:46,242  - INFO - Finished
2018-04-26 12:18:24,901  - INFO - Started
2018-04-26 12:18:24,902  - INFO - Finished
2018-04-26 12:24:03,692  - INFO - Started
2018-04-26 12:24:03,694  - INFO - Finished
2018-04-26 12:28:49,648  - INFO - Started
2018-04-26 12:28:49,649  - INFO - Finished
2018-04-26 12:31:39,417  - INFO - Started
2018-04-26 12:31:39,419  - INFO - Finished
2018-04-28 10:14:25,579  - INFO - Started
2018-04-28 10:14:25,591  - INFO - Finished
2018-04-28 10:15:13,783  - INFO - Started
2018-04-28 10:15:13,783  - INFO - Finished
2018-04-28 10:15:20,657  - INFO - Started
2018-04-28 10:15:20,658  - INFO - Finished
2018-04-28 10:15:32,175  - INFO - Started
2018-04-28 10:15:32,175  - INFO - Finished
2018-04-28 10:16:13,894  - INFO - Started
2018-04-28 10:16:13,937  - INFO - Finished
2018-04-28 10:20:44,240  - INFO - Started
2018-04-28 10:20:44,276  - INFO - Finished
2018-04-28 10:21:56,343  - INFO - Started
2018-04-28 10:21:56,400  - INFO - Finished
2018-04-28 10:22:42,961  - INFO - Started
2018-04-28 10:22:42,997  - INFO - Finished
2018-04-28 10:51:58,967  - INFO - Started
2018-04-28 10:52:58,196  - INFO - Started
2018-04-28 10:53:07,366  - INFO - Started
2018-04-28 10:53:07,406  - INFO - Finished
2018-04-28 10:53:24,559  - INFO - Started
2018-04-28 10:53:30,694  - INFO - Started
2018-04-28 10:54:06,462  - INFO - Started
2018-04-28 10:54:06,501  - INFO - Finished
2018-04-28 10:54:19,633  - INFO - Started
2018-04-28 10:54:19,666  - INFO - Finished
2018-04-28 10:54:47,413  - INFO - Started
2018-04-28 10:54:57,042  - INFO - Started
2018-04-28 10:55:08,695  - INFO - Started
2018-04-28 10:56:19,478  - INFO - Started
2018-04-28 10:56:45,163  - INFO - Started
2018-04-28 10:57:32,650  - INFO - Started
2018-04-28 10:57:48,184  - INFO - Started
2018-04-28 10:58:10,244  - INFO - Started
2018-04-28 10:58:39,720  - INFO - Started
2018-04-28 10:58:49,838  - INFO - Started
2018-04-28 10:59:28,798  - INFO - Started
2018-04-28 11:00:04,579  - INFO - Started
2018-04-28 11:01:08,641  - INFO - Started
2018-04-28 11:02:47,412  - INFO - Started
2018-04-28 11:03:40,071  - INFO - Started
2018-04-28 11:03:40,075  - INFO - Finished
2018-04-28 11:04:03,873  - INFO - Started
2018-04-28 11:04:03,956  - INFO - Finished
2018-04-28 11:07:29,907  - INFO - Started
2018-04-28 11:07:29,949  - INFO - Finished
2018-04-28 11:07:44,677  - INFO - Started
2018-04-28 11:07:44,719  - INFO - Finished
2018-04-28 11:08:12,137  - INFO - Started
2018-04-28 11:08:12,138  - INFO - Finished
2018-04-28 11:09:21,075  - INFO - Started
2018-04-28 11:09:21,116  - INFO - Finished
2018-04-28 11:09:40,220  - INFO - Started
2018-04-28 11:09:40,258  - INFO - Finished
2018-04-28 11:14:11,114  - INFO - Started
2018-04-28 11:14:11,118  - INFO - Finished
2018-04-28 11:14:41,413  - INFO - Started
2018-04-28 11:14:41,417  - INFO - Finished
2018-04-28 11:16:23,177  - INFO - Started
2018-04-28 11:16:23,182  - INFO - Finished
2018-04-28 11:16:36,969  - INFO - Started
2018-04-28 11:16:36,974  - INFO - Finished
2018-04-28 11:22:11,549  - INFO - Started
2018-04-28 11:22:11,555  - INFO - Finished
2018-04-28 11:22:43,296  - INFO - Started
2018-04-28 11:22:43,302  - INFO - Finished
2018-04-28 11:30:18,098  - INFO - Started
2018-04-28 11:30:33,009  - INFO - Started
2018-04-28 11:30:58,637  - INFO - Started
2018-04-28 11:30:58,639  - INFO - Finished
2018-04-28 11:42:54,333  - INFO - Started
2018-04-28 11:42:54,335  - INFO - Finished
2018-04-28 11:43:44,684  - INFO - Started
2018-04-28 11:43:44,686  - INFO - Finished
2018-04-28 11:44:05,088  - INFO - Started
2018-04-28 11:44:16,456  - INFO - Started
2018-04-28 11:44:16,458  - INFO - Finished
2018-04-28 11:56:13,235  - INFO - Started
2018-04-28 11:56:13,241  - INFO - Finished
2018-04-28 11:56:25,129  - INFO - Started
2018-04-28 11:56:25,131  - INFO - Finished
2018-04-28 11:56:33,175  - INFO - Started
2018-04-28 11:56:33,175  - INFO - Finished
2018-04-28 11:56:40,905  - INFO - Started
2018-04-28 11:56:40,907  - INFO - Finished
2018-04-28 11:56:53,998  - INFO - Started
2018-04-28 11:56:54,000  - INFO - Finished
2018-04-28 11:57:55,683  - INFO - Started
2018-04-28 11:57:55,685  - INFO - Finished
2018-04-28 11:58:25,337  - INFO - Started
2018-04-28 11:58:25,338  - INFO - Finished
2018-04-28 11:58:49,554  - INFO - Started
2018-04-28 11:58:49,557  - INFO - Finished
2018-04-28 11:58:56,082  - INFO - Started
2018-04-28 11:58:56,086  - INFO - Finished
2018-04-28 11:59:06,948  - INFO - Started
2018-04-28 11:59:06,960  - INFO - Finished
2018-04-28 11:59:47,658  - INFO - Started
2018-04-28 11:59:47,659  - INFO - Finished
2018-04-28 12:10:35,562  - INFO - Started
2018-04-28 12:10:35,563  - INFO - Finished
2018-04-28 12:10:58,896  - INFO - Started
2018-04-28 12:11:26,416  - INFO - Started
2018-04-28 12:11:26,418  - INFO - Finished
2018-04-28 12:12:50,737  - INFO - Started
2018-04-28 12:12:50,757  - INFO - Finished
2018-05-02 12:53:03,813  - INFO - Started
2018-05-02 12:53:03,980  - INFO - Finished
2018-05-02 16:37:31,054  - INFO - Started
2018-05-02 16:37:31,109  - INFO - Finished
2018-05-02 16:38:08,476  - INFO - Started
2018-05-02 16:38:08,480  - INFO - Finished
2018-05-02 16:38:29,324  - INFO - Started
2018-05-02 16:38:29,328  - INFO - Finished
2018-05-02 16:39:07,073  - INFO - Started
2018-05-02 16:39:07,077  - INFO - Finished
2018-05-02 16:39:36,589  - INFO - Started
2018-05-02 16:39:36,593  - INFO - Finished
2018-05-02 16:48:12,792  - INFO - Started
2018-05-02 16:48:12,797  - INFO - Finished
2018-05-02 16:48:26,058  - INFO - Started
2018-05-02 16:48:26,062  - INFO - Finished
2018-05-02 16:49:02,906  - INFO - Started
2018-05-02 16:49:02,911  - INFO - Finished
2018-05-02 16:50:05,293  - INFO - Started
2018-05-02 16:50:05,298  - INFO - Finished
2018-05-02 16:52:06,222  - INFO - Started
2018-05-02 16:52:06,226  - INFO - Finished
2018-05-02 16:52:28,405  - INFO - Started
2018-05-02 16:52:28,409  - INFO - Finished
2018-05-02 16:53:14,317  - INFO - Started
2018-05-02 16:53:14,323  - INFO - Finished
2018-05-02 16:54:01,744  - INFO - Started
2018-05-02 16:54:01,749  - INFO - Finished
2018-05-02 16:54:26,318  - INFO - Started
2018-05-02 16:54:26,322  - INFO - Finished
2018-05-02 16:56:42,959  - INFO - Started
2018-05-02 16:56:42,965  - INFO - Finished
2018-05-02 16:56:52,329  - INFO - Started
2018-05-02 16:56:52,333  - INFO - Finished
2018-05-02 16:57:15,394  - INFO - Started
2018-05-02 16:57:15,398  - INFO - Finished
2018-05-02 16:57:31,120  - INFO - Started
2018-05-02 16:57:31,127  - INFO - Finished
2018-05-02 16:58:46,643  - INFO - Started
2018-05-02 16:58:46,650  - INFO - Finished
2018-05-02 16:58:57,372  - INFO - Started
2018-05-02 16:58:57,377  - INFO - Finished
2018-05-02 16:59:09,774  - INFO - Started
2018-05-02 16:59:09,779  - INFO - Finished
2018-05-03 09:03:48,461  - INFO - Started
2018-05-03 09:03:48,617  - INFO - Finished
2018-05-03 09:04:52,227  - INFO - Started
2018-05-03 09:04:52,232  - INFO - Finished
2018-05-03 09:34:23,034  - INFO - Started
2018-05-03 09:34:23,038  - INFO - Finished
2018-05-03 09:35:55,110  - INFO - Started system_name
2018-05-03 09:35:55,114  - INFO - Finished system_name
2018-05-03 09:35:55,114  - INFO - Started set_system_info
2018-05-03 09:35:56,199  - INFO - Finished set_system_info
2018-05-03 09:51:54,931  - INFO - Started system_name
2018-05-03 09:51:54,935  - INFO - Finished system_name
2018-05-03 09:51:54,935  - INFO - Started set_system_info
2018-05-03 09:51:56,012  - INFO - Finished set_system_info
2018-05-03 10:09:00,078  - INFO - Started system_name
2018-05-03 10:09:00,083  - INFO - Finished system_name
2018-05-03 10:09:20,956  - INFO - Started system_name
2018-05-03 10:09:20,962  - INFO - Finished system_name
2018-05-03 10:10:09,106  - INFO - Started system_name
2018-05-03 10:10:09,110  - INFO - Finished system_name
2018-05-03 10:11:01,792  - INFO - Started system_name
2018-05-03 10:11:01,796  - INFO - Finished system_name
2018-05-03 10:12:51,036  - INFO - Started system_name
2018-05-03 10:12:51,041  - INFO - Finished system_name
2018-05-03 10:13:08,347  - INFO - Started system_name
2018-05-03 10:13:08,353  - INFO - Finished system_name
2018-05-03 10:13:58,797  - INFO - Started system_name
2018-05-03 10:13:58,801  - INFO - Finished system_name
2018-05-03 10:14:10,657  - INFO - Started system_name
2018-05-03 10:14:10,661  - INFO - Finished system_name
2018-05-03 10:16:11,434  - INFO - Started system_name
2018-05-03 10:23:12,833  - INFO - Started system_name
2018-05-03 10:23:12,837  - INFO - Finished system_name
2018-05-03 10:37:15,755  - INFO - Started system_name
2018-05-03 10:37:15,762  - INFO - Finished system_name
2018-05-03 10:37:15,764  - INFO - Started collect_metrics
2018-05-03 10:37:16,769  - INFO - Finished collect_metrics
2018-05-03 10:37:16,770  - INFO - Started insert_metrics
2018-05-03 12:08:50,440  - INFO - Started system_name
2018-05-03 12:08:50,445  - INFO - Finished system_name
2018-05-03 12:08:50,446  - INFO - Started collect_metrics
2018-05-03 12:08:51,452  - INFO - Finished collect_metrics
2018-05-03 12:08:51,452  - INFO - Started insert_metrics
2018-05-03 12:08:51,726  - INFO - Finished insert_metrics
